# JRE version: OpenJDK Runtime Environment Temurin-21.0.12.1+1 (21.0.12.1+1) (build 21.0.12.1+1-LTS)
# Java VM: OpenJDK 64-Bit Server VM Temurin-21.0.12.1+1 (21.0.12.1+1-LTS, mixed mode, sharing, tiered, compressed oops, compressed class ptrs, parallel gc, windows-amd64)
GC Precious Log:
 CardTable entry size: 512
 CPUs: 2 total, 2 available
 Memory: 3935M
 Large Page Support: Disabled
 NUMA Support: Disabled
 Compressed Oops: Enabled (Non-zero disjoint base)
 Alignments: Space 512K, Generation 512K, Heap 2M
 Heap Min Capacity: 100M
 Heap Initial Capacity: 100M
 Heap Max Capacity: 16G
 Pre-touch: Disabled
 Parallel Workers: 2
Heap:
 PSYoungGen      total 29696K, used 20338K [0x00000012aad00000, 0x00000012ad080000, 0x0000001400200000)
  eden space 24576K, 62% used [0x00000012aad00000,0x00000012abc03bb0,0x00000012ac500000)
  from space 5120K, 96% used [0x00000012acb80000,0x00000012ad058c78,0x00000012ad080000)
  to   space 5632K, 0% used [0x00000012ac580000,0x00000012ac580000,0x00000012acb00000)
 ParOldGen       total 68608K, used 8060K [0x0000001000200000, 0x0000001004500000, 0x00000012aad00000)
  object space 68608K, 11% used [0x0000001000200000,0x00000010009df2c8,0x0000001004500000)
 Metaspace       used 19927K, committed 20736K, reserved 1114112K
  class space    used 2080K, committed 2432K, reserved 1048576K
GC Heap History (12 events):
Event: 65.355 GC heap before
{Heap before GC invocations=1 (full 0):
 PSYoungGen      total 29696K, used 25600K [0x00000012aad00000, 0x00000012ace00000, 0x0000001400200000)
  eden space 25600K, 100% used [0x00000012aad00000,0x00000012ac600000,0x00000012ac600000)
  from space 4096K, 0% used [0x00000012aca00000,0x00000012aca00000,0x00000012ace00000)
  to   space 4096K, 0% used [0x00000012ac600000,0x00000012ac600000,0x00000012aca00000)
 ParOldGen       total 68608K, used 0K [0x0000001000200000, 0x0000001004500000, 0x00000012aad00000)
  object space 68608K, 0% used [0x0000001000200000,0x0000001000200000,0x0000001004500000)
 Metaspace       used 4382K, committed 4672K, reserved 1114112K
  class space    used 477K, committed 576K, reserved 1048576K
}
Event: 65.374 GC heap after
{Heap after GC invocations=1 (full 0):
 PSYoungGen      total 29696K, used 3271K [0x00000012aad00000, 0x00000012ace00000, 0x0000001400200000)
  eden space 25600K, 0% used [0x00000012aad00000,0x00000012aad00000,0x00000012ac600000)
  from space 4096K, 79% used [0x00000012ac600000,0x00000012ac931e98,0x00000012aca00000)
  to   space 4096K, 0% used [0x00000012aca00000,0x00000012aca00000,0x00000012ace00000)
 ParOldGen       total 68608K, used 8K [0x0000001000200000, 0x0000001004500000, 0x00000012aad00000)
  object space 68608K, 0% used [0x0000001000200000,0x0000001000202000,0x0000001004500000)
 Metaspace       used 4382K, committed 4672K, reserved 1114112K
  class space    used 477K, committed 576K, reserved 1048576K
}
Event: 147.352 GC heap before
{Heap before GC invocations=2 (full 0):
 PSYoungGen      total 29696K, used 28871K [0x00000012aad00000, 0x00000012ace00000, 0x0000001400200000)
  eden space 25600K, 100% used [0x00000012aad00000,0x00000012ac600000,0x00000012ac600000)
  from space 4096K, 79% used [0x00000012ac600000,0x00000012ac931e98,0x00000012aca00000)
  to   space 4096K, 0% used [0x00000012aca00000,0x00000012aca00000,0x00000012ace00000)
 ParOldGen       total 68608K, used 8K [0x0000001000200000, 0x0000001004500000, 0x00000012aad00000)
  object space 68608K, 0% used [0x0000001000200000,0x0000001000202000,0x0000001004500000)
 Metaspace       used 8060K, committed 8384K, reserved 1114112K
  class space    used 832K, committed 960K, reserved 1048576K
}
Event: 147.373 GC heap after
{Heap after GC invocations=2 (full 0):
 PSYoungGen      total 29696K, used 4071K [0x00000012aad00000, 0x00000012ace00000, 0x0000001400200000)
  eden space 25600K, 0% used [0x00000012aad00000,0x00000012aad00000,0x00000012ac600000)
  from space 4096K, 99% used [0x00000012aca00000,0x00000012acdf9e98,0x00000012ace00000)
  to   space 4096K, 0% used [0x00000012ac600000,0x00000012ac600000,0x00000012aca00000)
 ParOldGen       total 68608K, used 1960K [0x0000001000200000, 0x0000001004500000, 0x00000012aad00000)
  object space 68608K, 2% used [0x0000001000200000,0x00000010003ea020,0x0000001004500000)
 Metaspace       used 8060K, committed 8384K, reserved 1114112K
  class space    used 832K, committed 960K, reserved 1048576K
}
Event: 230.463 GC heap before
{Heap before GC invocations=3 (full 0):
 PSYoungGen      total 29696K, used 29671K [0x00000012aad00000, 0x00000012ace00000, 0x0000001400200000)
  eden space 25600K, 100% used [0x00000012aad00000,0x00000012ac600000,0x00000012ac600000)
  from space 4096K, 99% used [0x00000012aca00000,0x00000012acdf9e98,0x00000012ace00000)
  to   space 4096K, 0% used [0x00000012ac600000,0x00000012ac600000,0x00000012aca00000)
 ParOldGen       total 68608K, used 1960K [0x0000001000200000, 0x0000001004500000, 0x00000012aad00000)
  object space 68608K, 2% used [0x0000001000200000,0x00000010003ea020,0x0000001004500000)
 Metaspace       used 9780K, committed 10112K, reserved 1114112K
  class space    used 1021K, committed 1152K, reserved 1048576K
}
Event: 230.486 GC heap after
{Heap after GC invocations=3 (full 0):
 PSYoungGen      total 29696K, used 4084K [0x00000012aad00000, 0x00000012ace00000, 0x0000001400200000)
  eden space 25600K, 0% used [0x00000012aad00000,0x00000012aad00000,0x00000012ac600000)
  from space 4096K, 99% used [0x00000012ac600000,0x00000012ac9fd200,0x00000012aca00000)
  to   space 4096K, 0% used [0x00000012aca00000,0x00000012aca00000,0x00000012ace00000)
 ParOldGen       total 68608K, used 4505K [0x0000001000200000, 0x0000001004500000, 0x00000012aad00000)
  object space 68608K, 6% used [0x0000001000200000,0x00000010006667c0,0x0000001004500000)
 Metaspace       used 9780K, committed 10112K, reserved 1114112K
  class space    used 1021K, committed 1152K, reserved 1048576K
}
Event: 328.024 GC heap before
{Heap before GC invocations=4 (full 0):
 PSYoungGen      total 29696K, used 29684K [0x00000012aad00000, 0x00000012ace00000, 0x0000001400200000)
  eden space 25600K, 100% used [0x00000012aad00000,0x00000012ac600000,0x00000012ac600000)
  from space 4096K, 99% used [0x00000012ac600000,0x00000012ac9fd200,0x00000012aca00000)
  to   space 4096K, 0% used [0x00000012aca00000,0x00000012aca00000,0x00000012ace00000)
 ParOldGen       total 68608K, used 4505K [0x0000001000200000, 0x0000001004500000, 0x00000012aad00000)
  object space 68608K, 6% used [0x0000001000200000,0x00000010006667c0,0x0000001004500000)
 Metaspace       used 11357K, committed 11712K, reserved 1114112K
  class space    used 1179K, committed 1344K, reserved 1048576K
}
Event: 328.047 GC heap after
{Heap after GC invocations=4 (full 0):
 PSYoungGen      total 29696K, used 4088K [0x00000012aad00000, 0x00000012ace00000, 0x0000001400200000)
  eden space 25600K, 0% used [0x00000012aad00000,0x00000012aad00000,0x00000012ac600000)
  from space 4096K, 99% used [0x00000012aca00000,0x00000012acdfe0d8,0x00000012ace00000)
  to   space 4096K, 0% used [0x00000012ac600000,0x00000012ac600000,0x00000012aca00000)
 ParOldGen       total 68608K, used 6914K [0x0000001000200000, 0x0000001004500000, 0x00000012aad00000)
  object space 68608K, 10% used [0x0000001000200000,0x00000010008c0800,0x0000001004500000)
 Metaspace       used 11357K, committed 11712K, reserved 1114112K
  class space    used 1179K, committed 1344K, reserved 1048576K
}
Event: 339.665 GC heap before
{Heap before GC invocations=5 (full 0):
 PSYoungGen      total 29696K, used 29688K [0x00000012aad00000, 0x00000012ace00000, 0x0000001400200000)
  eden space 25600K, 100% used [0x00000012aad00000,0x00000012ac600000,0x00000012ac600000)
  from space 4096K, 99% used [0x00000012aca00000,0x00000012acdfe0d8,0x00000012ace00000)
  to   space 4096K, 0% used [0x00000012ac600000,0x00000012ac600000,0x00000012aca00000)
 ParOldGen       total 68608K, used 6914K [0x0000001000200000, 0x0000001004500000, 0x00000012aad00000)
  object space 68608K, 10% used [0x0000001000200000,0x00000010008c0800,0x0000001004500000)
 Metaspace       used 15319K, committed 15872K, reserved 1114112K
  class space    used 1562K, committed 1792K, reserved 1048576K
}
Event: 339.686 GC heap after
{Heap after GC invocations=5 (full 0):
 PSYoungGen      total 29184K, used 4092K [0x00000012aad00000, 0x00000012ad180000, 0x0000001400200000)
  eden space 25088K, 0% used [0x00000012aad00000,0x00000012aad00000,0x00000012ac580000)
  from space 4096K, 99% used [0x00000012ac600000,0x00000012ac9ff3c8,0x00000012aca00000)
  to   space 6144K, 0% used [0x00000012acb80000,0x00000012acb80000,0x00000012ad180000)
 ParOldGen       total 68608K, used 8052K [0x0000001000200000, 0x0000001004500000, 0x00000012aad00000)
  object space 68608K, 11% used [0x0000001000200000,0x00000010009dd2c8,0x0000001004500000)
 Metaspace       used 15319K, committed 15872K, reserved 1114112K
  class space    used 1562K, committed 1792K, reserved 1048576K
}
Event: 358.044 GC heap before
{Heap before GC invocations=6 (full 0):
 PSYoungGen      total 29184K, used 29180K [0x00000012aad00000, 0x00000012ad180000, 0x0000001400200000)
  eden space 25088K, 100% used [0x00000012aad00000,0x00000012ac580000,0x00000012ac580000)
  from space 4096K, 99% used [0x00000012ac600000,0x00000012ac9ff3c8,0x00000012aca00000)
  to   space 6144K, 0% used [0x00000012acb80000,0x00000012acb80000,0x00000012ad180000)
 ParOldGen       total 68608K, used 8052K [0x0000001000200000, 0x0000001004500000, 0x00000012aad00000)
  object space 68608K, 11% used [0x0000001000200000,0x00000010009dd2c8,0x0000001004500000)
 Metaspace       used 18862K, committed 19584K, reserved 1114112K
  class space    used 1956K, committed 2304K, reserved 1048576K
}
Event: 358.083 GC heap after
{Heap after GC invocations=6 (full 0):
 PSYoungGen      total 29696K, used 4963K [0x00000012aad00000, 0x00000012ad080000, 0x0000001400200000)
  eden space 24576K, 0% used [0x00000012aad00000,0x00000012aad00000,0x00000012ac500000)
  from space 5120K, 96% used [0x00000012acb80000,0x00000012ad058c78,0x00000012ad080000)
  to   space 5632K, 0% used [0x00000012ac580000,0x00000012ac580000,0x00000012acb00000)
 ParOldGen       total 68608K, used 8060K [0x0000001000200000, 0x0000001004500000, 0x00000012aad00000)
  object space 68608K, 11% used [0x0000001000200000,0x00000010009df2c8,0x0000001004500000)
 Metaspace       used 18862K, committed 19584K, reserved 1114112K
  class space    used 1956K, committed 2304K, reserved 1048576K
}

